Using pre-set license
Built from '6000.0/staging' branch; Version is '6000.0.47f1 (2ad1ed33fd3b) revision 2806253'; Using compiler version '193933523'; Build Type 'Release'
OS: 'Windows 11  (10.0.26100) 64bit Core' Language: 'en' Physical Memory: 49078 MB
BatchMode: 1, IsHumanControllingUs: 0, StartBugReporterOnCrash: 0, Is64bit: 1, IsPro: 1

COMMAND LINE ARGUMENTS:
C:\Program Files\Unity\Hub\Editor\6000.0.47f1\Editor\Unity.exe
-adb2
-batchMode
-noUpm
-name
AssetImportWorker6
-projectPath
C:/GitHub/2D_IsoTilemaps/2D_IsoTilemaps_Project
-logFile
Logs/AssetImportWorker6.log
-srvPort
52589
-job-worker-count
5
-background-job-worker-count
8
-gc-helper-count
1
Successfully changed project path to: C:/GitHub/2D_IsoTilemaps/2D_IsoTilemaps_Project
C:/GitHub/2D_IsoTilemaps/2D_IsoTilemaps_Project
[UnityMemory] Configuration Parameters - Can be set up in boot.config
    "memorysetup-bucket-allocator-granularity=16"
    "memorysetup-bucket-allocator-bucket-count=8"
    "memorysetup-bucket-allocator-block-size=33554432"
    "memorysetup-bucket-allocator-block-count=8"
    "memorysetup-main-allocator-block-size=16777216"
    "memorysetup-thread-allocator-block-size=16777216"
    "memorysetup-gfx-main-allocator-block-size=16777216"
    "memorysetup-gfx-thread-allocator-block-size=16777216"
    "memorysetup-cache-allocator-block-size=4194304"
    "memorysetup-typetree-allocator-block-size=2097152"
    "memorysetup-profiler-bucket-allocator-granularity=16"
    "memorysetup-profiler-bucket-allocator-bucket-count=8"
    "memorysetup-profiler-bucket-allocator-block-size=33554432"
    "memorysetup-profiler-bucket-allocator-block-count=8"
    "memorysetup-profiler-allocator-block-size=16777216"
    "memorysetup-profiler-editor-allocator-block-size=1048576"
    "memorysetup-temp-allocator-size-main=16777216"
    "memorysetup-job-temp-allocator-block-size=2097152"
    "memorysetup-job-temp-allocator-block-size-background=1048576"
    "memorysetup-job-temp-allocator-reduction-small-platforms=262144"
    "memorysetup-allocator-temp-initial-block-size-main=262144"
    "memorysetup-allocator-temp-initial-block-size-worker=262144"
    "memorysetup-temp-allocator-size-background-worker=32768"
    "memorysetup-temp-allocator-size-job-worker=262144"
    "memorysetup-temp-allocator-size-preload-manager=33554432"
    "memorysetup-temp-allocator-size-nav-mesh-worker=65536"
    "memorysetup-temp-allocator-size-audio-worker=65536"
    "memorysetup-temp-allocator-size-cloud-worker=32768"
    "memorysetup-temp-allocator-size-gi-baking-worker=262144"
    "memorysetup-temp-allocator-size-gi-baking-worker=262144"
    "memorysetup-temp-allocator-size-gi-baking-worker=262144"
    "memorysetup-temp-allocator-size-gi-baking-worker=262144"
    "memorysetup-temp-allocator-size-gi-baking-worker=262144"
    "memorysetup-temp-allocator-size-gfx=262144"
Player connection [14684]  Target information:

Player connection [14684]  * "[IP] 10.0.0.78 [Port] 0 [Flags] 2 [Guid] 2413811533 [EditorId] 2413811533 [Version] 1048832 [Id] WindowsEditor(7,Rozzodore64) [Debug] 1 [PackageName] WindowsEditor [ProjectName] Editor" 

Player connection [14684] Host joined multi-casting on [225.0.0.222:54997]...
Player connection [14684] Host joined alternative multi-casting on [225.0.0.222:34997]...
JobSystem: Creating JobQueue using job-worker-count value 5
Input System module state changed to: Initialized.
[Physics::Module] Initialized fallback backend.
[Physics::Module] Id: 0xdecafbad
Library Redirect Path: Library/
[Physics::Module] Selected backend.
[Physics::Module] Name: PhysX
[Physics::Module] Id: 0xf2b8ea05
[Physics::Module] SDK Version: 4.1.2
[Physics::Module] Integration Version: 1.0.0
[Physics::Module] Threading Mode: Multi-Threaded
Refreshing native plugins compatible for Editor in 6.39 ms, found 2 plugins.
Preloading 0 native plugins for Editor in 0.00 ms.
Initialize engine version: 6000.0.47f1 (2ad1ed33fd3b)
[Subsystems] Discovering subsystems at path C:/Program Files/Unity/Hub/Editor/6000.0.47f1/Editor/Data/Resources/UnitySubsystems
[Subsystems] Discovering subsystems at path C:/GitHub/2D_IsoTilemaps/2D_IsoTilemaps_Project/Assets
GfxDevice: creating device client; kGfxThreadingModeNonThreaded
Direct3D:
    Version:  Direct3D 11.0 [level 11.1]
    Renderer: NVIDIA GeForce RTX 3070 (ID=0x2484)
    Vendor:   NVIDIA
    VRAM:     8018 MB
    Driver:   32.0.15.7602
Initialize mono
Mono path[0] = 'C:/Program Files/Unity/Hub/Editor/6000.0.47f1/Editor/Data/Managed'
Mono path[1] = 'C:/Program Files/Unity/Hub/Editor/6000.0.47f1/Editor/Data/MonoBleedingEdge/lib/mono/unityjit-win32'
Mono config path = 'C:/Program Files/Unity/Hub/Editor/6000.0.47f1/Editor/Data/MonoBleedingEdge/etc'
Using monoOptions --debugger-agent=transport=dt_socket,embedding=1,server=y,suspend=n,address=127.0.0.1:56900
Begin MonoManager ReloadAssembly
Registering precompiled unity dll's ...
Register platform support module: C:/Program Files/Unity/Hub/Editor/6000.0.47f1/Editor/Data/PlaybackEngines/WebGLSupport/UnityEditor.WebGL.Extensions.dll
Register platform support module: C:/Program Files/Unity/Hub/Editor/6000.0.47f1/Editor/Data/PlaybackEngines/WindowsStandaloneSupport/UnityEditor.WindowsStandalone.Extensions.dll
Register platform support module: C:/Program Files/Unity/Hub/Editor/6000.0.47f1/Editor/Data/PlaybackEngines/LinuxStandaloneSupport/UnityEditor.LinuxStandalone.Extensions.dll
Registered in 0.006793 seconds.
- Loaded All Assemblies, in  0.417 seconds
Native extension for LinuxStandalone target not found
Native extension for WindowsStandalone target not found
Native extension for WebGL target not found
Mono: successfully reloaded assembly
- Finished resetting the current domain, in  0.391 seconds
Domain Reload Profiling: 807ms
	BeginReloadAssembly (136ms)
		ExecutionOrderSort (0ms)
		DisableScriptedObjects (0ms)
		BackupInstance (0ms)
		ReleaseScriptingObjects (0ms)
		CreateAndSetChildDomain (1ms)
	RebuildCommonClasses (45ms)
	RebuildNativeTypeToScriptingClass (13ms)
	initialDomainReloadingComplete (59ms)
	LoadAllAssembliesAndSetupDomain (162ms)
		LoadAssemblies (134ms)
		RebuildTransferFunctionScriptingTraits (0ms)
		AnalyzeDomain (158ms)
			TypeCache.Refresh (157ms)
				TypeCache.ScanAssembly (144ms)
			BuildScriptInfoCaches (0ms)
			ResolveRequiredComponents (1ms)
	FinalizeReload (392ms)
		ReleaseScriptCaches (0ms)
		RebuildScriptCaches (0ms)
		SetupLoadedEditorAssemblies (351ms)
			LogAssemblyErrors (0ms)
			InitializePlatformSupportModulesInManaged (66ms)
			SetLoadedEditorAssemblies (5ms)
			BeforeProcessingInitializeOnLoad (55ms)
			ProcessInitializeOnLoadAttributes (165ms)
			ProcessInitializeOnLoadMethodAttributes (61ms)
			AfterProcessingInitializeOnLoad (0ms)
			EditorAssembliesLoaded (0ms)
		ExecutionOrderSort2 (0ms)
		AwakeInstancesAfterBackupRestoration (0ms)
========================================================================
Worker process is ready to serve import requests
Import Worker Mode flag is 0x00
Begin MonoManager ReloadAssembly
Symbol file LoadedFromMemory is not a mono symbol file
- Loaded All Assemblies, in  0.622 seconds
Refreshing native plugins compatible for Editor in 5.68 ms, found 2 plugins.
Native extension for LinuxStandalone target not found
Native extension for WindowsStandalone target not found
Native extension for WebGL target not found
Refreshing native plugins compatible for Editor in 5.46 ms, found 2 plugins.
Mono: successfully reloaded assembly
- Finished resetting the current domain, in  0.680 seconds
Domain Reload Profiling: 1298ms
	BeginReloadAssembly (178ms)
		ExecutionOrderSort (0ms)
		DisableScriptedObjects (7ms)
		BackupInstance (0ms)
		ReleaseScriptingObjects (0ms)
		CreateAndSetChildDomain (33ms)
	RebuildCommonClasses (40ms)
	RebuildNativeTypeToScriptingClass (12ms)
	initialDomainReloadingComplete (40ms)
	LoadAllAssembliesAndSetupDomain (347ms)
		LoadAssemblies (316ms)
		RebuildTransferFunctionScriptingTraits (0ms)
		AnalyzeDomain (134ms)
			TypeCache.Refresh (96ms)
				TypeCache.ScanAssembly (81ms)
			BuildScriptInfoCaches (32ms)
			ResolveRequiredComponents (3ms)
	FinalizeReload (680ms)
		ReleaseScriptCaches (0ms)
		RebuildScriptCaches (0ms)
		SetupLoadedEditorAssemblies (568ms)
			LogAssemblyErrors (0ms)
			InitializePlatformSupportModulesInManaged (17ms)
			SetLoadedEditorAssemblies (5ms)
			BeforeProcessingInitializeOnLoad (98ms)
			ProcessInitializeOnLoadAttributes (282ms)
			ProcessInitializeOnLoadMethodAttributes (161ms)
			AfterProcessingInitializeOnLoad (5ms)
			EditorAssembliesLoaded (0ms)
		ExecutionOrderSort2 (0ms)
		AwakeInstancesAfterBackupRestoration (9ms)
Launched and connected shader compiler UnityShaderCompiler.exe after 0.02 seconds
Refreshing native plugins compatible for Editor in 8.04 ms, found 2 plugins.
Preloading 0 native plugins for Editor in 0.00 ms.
Unloading 8 Unused Serialized files (Serialized files now loaded: 0)
Unloading 2798 unused Assets / (1.0 MB). Loaded Objects now: 3276.
Memory consumption went from 84.6 MB to 83.6 MB.
Total: 13.590700 ms (FindLiveObjects: 0.302500 ms CreateObjectMapping: 0.139800 ms MarkObjects: 11.945800 ms  DeleteObjects: 1.199800 ms)

========================================================================
Received Import Request.
  Time since last request: 90459.033735 seconds.
  path: Assets/Pixel_Pepe_8-bit_isometric_sprites_1_North.png
  artifactKey: Guid(0fe3decf3fd03254b9c7e9e77d1d20bc) Importer(815301076,1909f56bfc062723c751e8b465ee728b)
Start importing Assets/Pixel_Pepe_8-bit_isometric_sprites_1_North.png using Guid(0fe3decf3fd03254b9c7e9e77d1d20bc) Importer(815301076,1909f56bfc062723c751e8b465ee728b) (PreviewImporter) -> (artifact id: '49f090aa7285597ba2e479aaac41ae55') in 0.1045025 seconds
Number of updated asset objects reloaded before import = 0Number of asset objects unloaded after import = 3

========================================================================
Received Prepare
Begin MonoManager ReloadAssembly
Symbol file LoadedFromMemory is not a mono symbol file
- Loaded All Assemblies, in  0.646 seconds
Refreshing native plugins compatible for Editor in 5.51 ms, found 2 plugins.
Native extension for LinuxStandalone target not found
Native extension for WindowsStandalone target not found
Native extension for WebGL target not found
Mono: successfully reloaded assembly
- Finished resetting the current domain, in  1.154 seconds
Domain Reload Profiling: 1797ms
	BeginReloadAssembly (215ms)
		ExecutionOrderSort (0ms)
		DisableScriptedObjects (7ms)
		BackupInstance (0ms)
		ReleaseScriptingObjects (0ms)
		CreateAndSetChildDomain (53ms)
	RebuildCommonClasses (41ms)
	RebuildNativeTypeToScriptingClass (13ms)
	initialDomainReloadingComplete (28ms)
	LoadAllAssembliesAndSetupDomain (344ms)
		LoadAssemblies (351ms)
		RebuildTransferFunctionScriptingTraits (0ms)
		AnalyzeDomain (106ms)
			TypeCache.Refresh (6ms)
				TypeCache.ScanAssembly (0ms)
			BuildScriptInfoCaches (95ms)
			ResolveRequiredComponents (3ms)
	FinalizeReload (1155ms)
		ReleaseScriptCaches (0ms)
		RebuildScriptCaches (0ms)
		SetupLoadedEditorAssemblies (999ms)
			LogAssemblyErrors (0ms)
			InitializePlatformSupportModulesInManaged (20ms)
			SetLoadedEditorAssemblies (5ms)
			BeforeProcessingInitializeOnLoad (170ms)
			ProcessInitializeOnLoadAttributes (483ms)
			ProcessInitializeOnLoadMethodAttributes (310ms)
			AfterProcessingInitializeOnLoad (10ms)
			EditorAssembliesLoaded (0ms)
		ExecutionOrderSort2 (0ms)
		AwakeInstancesAfterBackupRestoration (15ms)
Refreshing native plugins compatible for Editor in 11.20 ms, found 2 plugins.
Preloading 0 native plugins for Editor in 0.00 ms.
Unloading 0 Unused Serialized files (Serialized files now loaded: 0)
Unloading 2796 unused Assets / (132.0 KB). Loaded Objects now: 3284.
Memory consumption went from 82.5 MB to 82.3 MB.
Total: 25.071400 ms (FindLiveObjects: 1.121600 ms CreateObjectMapping: 0.649200 ms MarkObjects: 22.239400 ms  DeleteObjects: 1.060000 ms)

Prepare: number of updated asset objects reloaded= 0
========================================================================
Received Prepare
Begin MonoManager ReloadAssembly
Symbol file LoadedFromMemory is not a mono symbol file
- Loaded All Assemblies, in  0.636 seconds
Refreshing native plugins compatible for Editor in 6.55 ms, found 2 plugins.
Native extension for LinuxStandalone target not found
Native extension for WindowsStandalone target not found
Native extension for WebGL target not found
Mono: successfully reloaded assembly
- Finished resetting the current domain, in  1.096 seconds
Domain Reload Profiling: 1729ms
	BeginReloadAssembly (213ms)
		ExecutionOrderSort (0ms)
		DisableScriptedObjects (7ms)
		BackupInstance (0ms)
		ReleaseScriptingObjects (0ms)
		CreateAndSetChildDomain (54ms)
	RebuildCommonClasses (41ms)
	RebuildNativeTypeToScriptingClass (14ms)
	initialDomainReloadingComplete (29ms)
	LoadAllAssembliesAndSetupDomain (336ms)
		LoadAssemblies (341ms)
		RebuildTransferFunctionScriptingTraits (0ms)
		AnalyzeDomain (104ms)
			TypeCache.Refresh (5ms)
				TypeCache.ScanAssembly (0ms)
			BuildScriptInfoCaches (93ms)
			ResolveRequiredComponents (3ms)
	FinalizeReload (1096ms)
		ReleaseScriptCaches (0ms)
		RebuildScriptCaches (0ms)
		SetupLoadedEditorAssemblies (942ms)
			LogAssemblyErrors (0ms)
			InitializePlatformSupportModulesInManaged (17ms)
			SetLoadedEditorAssemblies (5ms)
			BeforeProcessingInitializeOnLoad (156ms)
			ProcessInitializeOnLoadAttributes (482ms)
			ProcessInitializeOnLoadMethodAttributes (271ms)
			AfterProcessingInitializeOnLoad (11ms)
			EditorAssembliesLoaded (0ms)
		ExecutionOrderSort2 (0ms)
		AwakeInstancesAfterBackupRestoration (15ms)
Refreshing native plugins compatible for Editor in 11.61 ms, found 2 plugins.
Preloading 0 native plugins for Editor in 0.00 ms.
Unloading 0 Unused Serialized files (Serialized files now loaded: 0)
Unloading 2796 unused Assets / (132.0 KB). Loaded Objects now: 3284.
Memory consumption went from 82.5 MB to 82.3 MB.
Total: 21.908100 ms (FindLiveObjects: 0.478400 ms CreateObjectMapping: 0.503400 ms MarkObjects: 19.935600 ms  DeleteObjects: 0.989300 ms)

Prepare: number of updated asset objects reloaded= 0
========================================================================
Received Prepare
Begin MonoManager ReloadAssembly
Symbol file LoadedFromMemory is not a mono symbol file
- Loaded All Assemblies, in  0.659 seconds
Refreshing native plugins compatible for Editor in 5.74 ms, found 2 plugins.
Native extension for LinuxStandalone target not found
Native extension for WindowsStandalone target not found
Native extension for WebGL target not found
Mono: successfully reloaded assembly
- Finished resetting the current domain, in  1.157 seconds
Domain Reload Profiling: 1813ms
	BeginReloadAssembly (227ms)
		ExecutionOrderSort (0ms)
		DisableScriptedObjects (8ms)
		BackupInstance (0ms)
		ReleaseScriptingObjects (0ms)
		CreateAndSetChildDomain (57ms)
	RebuildCommonClasses (39ms)
	RebuildNativeTypeToScriptingClass (13ms)
	initialDomainReloadingComplete (29ms)
	LoadAllAssembliesAndSetupDomain (347ms)
		LoadAssemblies (357ms)
		RebuildTransferFunctionScriptingTraits (0ms)
		AnalyzeDomain (108ms)
			TypeCache.Refresh (6ms)
				TypeCache.ScanAssembly (0ms)
			BuildScriptInfoCaches (96ms)
			ResolveRequiredComponents (3ms)
	FinalizeReload (1158ms)
		ReleaseScriptCaches (0ms)
		RebuildScriptCaches (0ms)
		SetupLoadedEditorAssemblies (1007ms)
			LogAssemblyErrors (0ms)
			InitializePlatformSupportModulesInManaged (19ms)
			SetLoadedEditorAssemblies (6ms)
			BeforeProcessingInitializeOnLoad (182ms)
			ProcessInitializeOnLoadAttributes (496ms)
			ProcessInitializeOnLoadMethodAttributes (295ms)
			AfterProcessingInitializeOnLoad (8ms)
			EditorAssembliesLoaded (0ms)
		ExecutionOrderSort2 (0ms)
		AwakeInstancesAfterBackupRestoration (14ms)
Refreshing native plugins compatible for Editor in 10.21 ms, found 2 plugins.
Preloading 0 native plugins for Editor in 0.00 ms.
Unloading 0 Unused Serialized files (Serialized files now loaded: 0)
Unloading 2796 unused Assets / (0.6 MB). Loaded Objects now: 3284.
Memory consumption went from 82.5 MB to 81.9 MB.
Total: 25.029100 ms (FindLiveObjects: 1.087000 ms CreateObjectMapping: 0.423200 ms MarkObjects: 22.336600 ms  DeleteObjects: 1.180800 ms)

Prepare: number of updated asset objects reloaded= 0
========================================================================
Received Prepare
Begin MonoManager ReloadAssembly
Symbol file LoadedFromMemory is not a mono symbol file
- Loaded All Assemblies, in  0.644 seconds
Refreshing native plugins compatible for Editor in 5.77 ms, found 2 plugins.
Native extension for LinuxStandalone target not found
Native extension for WindowsStandalone target not found
Native extension for WebGL target not found
Mono: successfully reloaded assembly
- Finished resetting the current domain, in  1.077 seconds
Domain Reload Profiling: 1719ms
	BeginReloadAssembly (211ms)
		ExecutionOrderSort (0ms)
		DisableScriptedObjects (8ms)
		BackupInstance (0ms)
		ReleaseScriptingObjects (0ms)
		CreateAndSetChildDomain (49ms)
	RebuildCommonClasses (38ms)
	RebuildNativeTypeToScriptingClass (13ms)
	initialDomainReloadingComplete (29ms)
	LoadAllAssembliesAndSetupDomain (351ms)
		LoadAssemblies (348ms)
		RebuildTransferFunctionScriptingTraits (0ms)
		AnalyzeDomain (112ms)
			TypeCache.Refresh (5ms)
				TypeCache.ScanAssembly (0ms)
			BuildScriptInfoCaches (100ms)
			ResolveRequiredComponents (3ms)
	FinalizeReload (1077ms)
		ReleaseScriptCaches (0ms)
		RebuildScriptCaches (0ms)
		SetupLoadedEditorAssemblies (936ms)
			LogAssemblyErrors (0ms)
			InitializePlatformSupportModulesInManaged (19ms)
			SetLoadedEditorAssemblies (6ms)
			BeforeProcessingInitializeOnLoad (161ms)
			ProcessInitializeOnLoadAttributes (467ms)
			ProcessInitializeOnLoadMethodAttributes (274ms)
			AfterProcessingInitializeOnLoad (8ms)
			EditorAssembliesLoaded (0ms)
		ExecutionOrderSort2 (0ms)
		AwakeInstancesAfterBackupRestoration (13ms)
Refreshing native plugins compatible for Editor in 10.77 ms, found 2 plugins.
Preloading 0 native plugins for Editor in 0.00 ms.
Unloading 0 Unused Serialized files (Serialized files now loaded: 0)
Unloading 2796 unused Assets / (0.7 MB). Loaded Objects now: 3284.
Memory consumption went from 82.5 MB to 81.8 MB.
Total: 18.497900 ms (FindLiveObjects: 0.568200 ms CreateObjectMapping: 0.623000 ms MarkObjects: 16.492800 ms  DeleteObjects: 0.812100 ms)

Prepare: number of updated asset objects reloaded= 0
========================================================================
Received Import Request.
  Time since last request: 13868.609449 seconds.
  path: Assets/Resources
  artifactKey: Guid(e0e9134641aa59347b38fe7efcbfb383) Importer(815301076,1909f56bfc062723c751e8b465ee728b)
Start importing Assets/Resources using Guid(e0e9134641aa59347b38fe7efcbfb383) Importer(815301076,1909f56bfc062723c751e8b465ee728b) (PreviewImporter) -> (artifact id: '90b0bcb3e40e0f6d8012439791837862') in 0.0333882 seconds
Number of updated asset objects reloaded before import = 0Number of asset objects unloaded after import = 0

========================================================================
Received Import Request.
  Time since last request: 5.334250 seconds.
  path: Assets/Prefabs/Decorations/Desert/Bones_1.prefab
  artifactKey: Guid(e1f468f225fe49042a71cdbf59d7616e) Importer(815301076,1909f56bfc062723c751e8b465ee728b)
Start importing Assets/Prefabs/Decorations/Desert/Bones_1.prefab using Guid(e1f468f225fe49042a71cdbf59d7616e) Importer(815301076,1909f56bfc062723c751e8b465ee728b) (PreviewImporter) -> (artifact id: 'af1242c5d2de4205841c52a7b67ab693') in 0.2127367 seconds
Number of updated asset objects reloaded before import = 0Number of asset objects unloaded after import = 23

========================================================================
Received Import Request.
  Time since last request: 0.000025 seconds.
  path: Assets/Prefabs/Decorations/Desert/Tent.prefab
  artifactKey: Guid(6ed2348d3a21bb14199acf0512d8afb4) Importer(815301076,1909f56bfc062723c751e8b465ee728b)
Start importing Assets/Prefabs/Decorations/Desert/Tent.prefab using Guid(6ed2348d3a21bb14199acf0512d8afb4) Importer(815301076,1909f56bfc062723c751e8b465ee728b) (PreviewImporter) -> (artifact id: '37dfe51878be2e5ee70dc69e606a4e11') in 0.0132746 seconds
Number of updated asset objects reloaded before import = 0Number of asset objects unloaded after import = 23

========================================================================
Received Import Request.
  Time since last request: 0.000146 seconds.
  path: Assets/Prefabs/Decorations/Desert/Tree_Palm.prefab
  artifactKey: Guid(3b0788909d2477247a43cb4f4ceb765d) Importer(815301076,1909f56bfc062723c751e8b465ee728b)
Start importing Assets/Prefabs/Decorations/Desert/Tree_Palm.prefab using Guid(3b0788909d2477247a43cb4f4ceb765d) Importer(815301076,1909f56bfc062723c751e8b465ee728b) (PreviewImporter) -> (artifact id: '56013aa1760face72e4408f95b56534c') in 0.0144619 seconds
Number of updated asset objects reloaded before import = 0Number of asset objects unloaded after import = 11

========================================================================
Received Import Request.
  Time since last request: 0.000019 seconds.
  path: Assets/Prefabs/Decorations/Desert/Bones_3.prefab
  artifactKey: Guid(ded228c73cadcf445b1ac399f54c2a97) Importer(815301076,1909f56bfc062723c751e8b465ee728b)
Start importing Assets/Prefabs/Decorations/Desert/Bones_3.prefab using Guid(ded228c73cadcf445b1ac399f54c2a97) Importer(815301076,1909f56bfc062723c751e8b465ee728b) (PreviewImporter) -> (artifact id: '6bde405162c1bf11abf6b68bfc505d4d') in 0.010029 seconds
Number of updated asset objects reloaded before import = 0Number of asset objects unloaded after import = 23

========================================================================
Received Import Request.
  Time since last request: 0.679896 seconds.
  path: Assets/Prefabs/Decorations/FrozenCave/Crystal_1.prefab
  artifactKey: Guid(e73d0baf0699ee9428af40bf009d5637) Importer(815301076,1909f56bfc062723c751e8b465ee728b)
Start importing Assets/Prefabs/Decorations/FrozenCave/Crystal_1.prefab using Guid(e73d0baf0699ee9428af40bf009d5637) Importer(815301076,1909f56bfc062723c751e8b465ee728b) (PreviewImporter) -> (artifact id: '6d4f397b7697dbb1f30deeca9a07184a') in 0.0084536 seconds
Number of updated asset objects reloaded before import = 0Number of asset objects unloaded after import = 11

========================================================================
Received Import Request.
  Time since last request: 0.000018 seconds.
  path: Assets/Prefabs/Decorations/FrozenCave/Rock_Large.prefab
  artifactKey: Guid(7ca583182dd58f141876f68d679e5221) Importer(815301076,1909f56bfc062723c751e8b465ee728b)
Start importing Assets/Prefabs/Decorations/FrozenCave/Rock_Large.prefab using Guid(7ca583182dd58f141876f68d679e5221) Importer(815301076,1909f56bfc062723c751e8b465ee728b) (PreviewImporter) -> (artifact id: '811f5f3e6d0c7edef66364cc9867f29f') in 0.0076881 seconds
Number of updated asset objects reloaded before import = 0Number of asset objects unloaded after import = 11

========================================================================
Received Import Request.
  Time since last request: 0.000019 seconds.
  path: Assets/Prefabs/Decorations/FrozenCave/Rock_Flat.prefab
  artifactKey: Guid(ec2fb5f2613b3564b9b1ac5ef2c75423) Importer(815301076,1909f56bfc062723c751e8b465ee728b)
Start importing Assets/Prefabs/Decorations/FrozenCave/Rock_Flat.prefab using Guid(ec2fb5f2613b3564b9b1ac5ef2c75423) Importer(815301076,1909f56bfc062723c751e8b465ee728b) (PreviewImporter) -> (artifact id: 'a694654f2bfa9bb9e3db70ccbbcc7d1a') in 0.0081471 seconds
Number of updated asset objects reloaded before import = 0Number of asset objects unloaded after import = 11

========================================================================
Received Import Request.
  Time since last request: 0.627290 seconds.
  path: Assets/Prefabs/Decorations/FrozenMountain/Rock_1.prefab
  artifactKey: Guid(2172d1ee30f98435caa8eda3fdea684d) Importer(815301076,1909f56bfc062723c751e8b465ee728b)
Start importing Assets/Prefabs/Decorations/FrozenMountain/Rock_1.prefab using Guid(2172d1ee30f98435caa8eda3fdea684d) Importer(815301076,1909f56bfc062723c751e8b465ee728b) (PreviewImporter) -> (artifact id: 'b5e2e21ed7a444746883cd3be63ebc91') in 0.0081303 seconds
Number of updated asset objects reloaded before import = 0Number of asset objects unloaded after import = 11

========================================================================
Received Import Request.
  Time since last request: 0.000016 seconds.
  path: Assets/Prefabs/Decorations/FrozenMountain/Tree_Spruce.prefab
  artifactKey: Guid(c68d9c056f57346a79c04d38ed90abe1) Importer(815301076,1909f56bfc062723c751e8b465ee728b)
Start importing Assets/Prefabs/Decorations/FrozenMountain/Tree_Spruce.prefab using Guid(c68d9c056f57346a79c04d38ed90abe1) Importer(815301076,1909f56bfc062723c751e8b465ee728b) (PreviewImporter) -> (artifact id: '11086a884adf3400da1069eba5d09845') in 0.0077534 seconds
Number of updated asset objects reloaded before import = 0Number of asset objects unloaded after import = 11

========================================================================
Received Import Request.
  Time since last request: 0.000022 seconds.
  path: Assets/Prefabs/Decorations/FrozenMountain/Rock_Snow_2.prefab
  artifactKey: Guid(0d3a115219def944c89c09d0d78dc885) Importer(815301076,1909f56bfc062723c751e8b465ee728b)
Start importing Assets/Prefabs/Decorations/FrozenMountain/Rock_Snow_2.prefab using Guid(0d3a115219def944c89c09d0d78dc885) Importer(815301076,1909f56bfc062723c751e8b465ee728b) (PreviewImporter) -> (artifact id: '11e7001a9758729253e347ca09db1c89') in 0.0098162 seconds
Number of updated asset objects reloaded before import = 0Number of asset objects unloaded after import = 11

========================================================================
Received Import Request.
  Time since last request: 0.000020 seconds.
  path: Assets/Prefabs/Decorations/FrozenMountain/Rock_Snow_1.prefab
  artifactKey: Guid(2f7e8edd32ce979449dbf6d7d672b891) Importer(815301076,1909f56bfc062723c751e8b465ee728b)
Start importing Assets/Prefabs/Decorations/FrozenMountain/Rock_Snow_1.prefab using Guid(2f7e8edd32ce979449dbf6d7d672b891) Importer(815301076,1909f56bfc062723c751e8b465ee728b) (PreviewImporter) -> (artifact id: '8e58f6a550375dce947e6d5d8c25ada1') in 0.0071733 seconds
Number of updated asset objects reloaded before import = 0Number of asset objects unloaded after import = 11

========================================================================
Received Import Request.
  Time since last request: 0.000020 seconds.
  path: Assets/Prefabs/Decorations/FrozenMountain/Sword_In_Stone.prefab
  artifactKey: Guid(2fa3d3de91e434c5a8a1bfa3e7fe02b8) Importer(815301076,1909f56bfc062723c751e8b465ee728b)
Start importing Assets/Prefabs/Decorations/FrozenMountain/Sword_In_Stone.prefab using Guid(2fa3d3de91e434c5a8a1bfa3e7fe02b8) Importer(815301076,1909f56bfc062723c751e8b465ee728b) (PreviewImporter) -> (artifact id: 'eee1c3cc9a0f8367311fb1507591f102') in 0.0069437 seconds
Number of updated asset objects reloaded before import = 0Number of asset objects unloaded after import = 11

========================================================================
Received Import Request.
  Time since last request: 1.769673 seconds.
  path: Assets/Prefabs/Player_Isometric_Witch.prefab
  artifactKey: Guid(5e2a82902b6ea4c0b9b652322ffadcff) Importer(815301076,1909f56bfc062723c751e8b465ee728b)
Start importing Assets/Prefabs/Player_Isometric_Witch.prefab using Guid(5e2a82902b6ea4c0b9b652322ffadcff) Importer(815301076,1909f56bfc062723c751e8b465ee728b) (PreviewImporter) -> (artifact id: '96b35d57bb1b048a92e5c4096dc2d564') in 0.0494932 seconds
Number of updated asset objects reloaded before import = 0Number of asset objects unloaded after import = 143

========================================================================
Received Import Request.
  Time since last request: 9.453337 seconds.
  path: Assets/Tilemaps/Isometric/Colliders/ColliderTiles/cube08-a.asset
  artifactKey: Guid(bbe1039a73cb04a4db7e81501225bb46) Importer(815301076,1909f56bfc062723c751e8b465ee728b)
Start importing Assets/Tilemaps/Isometric/Colliders/ColliderTiles/cube08-a.asset using Guid(bbe1039a73cb04a4db7e81501225bb46) Importer(815301076,1909f56bfc062723c751e8b465ee728b) (PreviewImporter) -> (artifact id: '9a5a14f927cbc52f1aba4bedc0e8a3fb') in 0.0210105 seconds
Number of updated asset objects reloaded before import = 0Number of asset objects unloaded after import = 3

========================================================================
Received Import Request.
  Time since last request: 0.000019 seconds.
  path: Assets/Tilemaps/Isometric/Colliders/ColliderTiles/stairs-border.asset
  artifactKey: Guid(cbf694c6d4cf7407fa98171d5b460804) Importer(815301076,1909f56bfc062723c751e8b465ee728b)
Start importing Assets/Tilemaps/Isometric/Colliders/ColliderTiles/stairs-border.asset using Guid(cbf694c6d4cf7407fa98171d5b460804) Importer(815301076,1909f56bfc062723c751e8b465ee728b) (PreviewImporter) -> (artifact id: 'ae2054fb950635951acaeb4c00aaca03') in 0.0080715 seconds
Number of updated asset objects reloaded before import = 0Number of asset objects unloaded after import = 3

========================================================================
Received Import Request.
  Time since last request: 0.000210 seconds.
  path: Assets/Tilemaps/Isometric/Colliders/ColliderTiles/tile-half-2.asset
  artifactKey: Guid(b34450756e99e469bb0f1a38140dc444) Importer(815301076,1909f56bfc062723c751e8b465ee728b)
Start importing Assets/Tilemaps/Isometric/Colliders/ColliderTiles/tile-half-2.asset using Guid(b34450756e99e469bb0f1a38140dc444) Importer(815301076,1909f56bfc062723c751e8b465ee728b) (PreviewImporter) -> (artifact id: '81b8c8fd08545cc0d2738262af3280a1') in 0.0070037 seconds
Number of updated asset objects reloaded before import = 0Number of asset objects unloaded after import = 3

========================================================================
Received Import Request.
  Time since last request: 0.000018 seconds.
  path: Assets/Tilemaps/Isometric/Colliders/ColliderTiles/tile-border-top.asset
  artifactKey: Guid(9fda3ab080ea045df984418fa0ae89fa) Importer(815301076,1909f56bfc062723c751e8b465ee728b)
Start importing Assets/Tilemaps/Isometric/Colliders/ColliderTiles/tile-border-top.asset using Guid(9fda3ab080ea045df984418fa0ae89fa) Importer(815301076,1909f56bfc062723c751e8b465ee728b) (PreviewImporter) -> (artifact id: '9eca8a763873ef1ba9f11fd86c48a0d3') in 0.0049507 seconds
Number of updated asset objects reloaded before import = 0Number of asset objects unloaded after import = 3

========================================================================
Received Import Request.
  Time since last request: 0.000016 seconds.
  path: Assets/Tilemaps/Isometric/Colliders/ColliderTiles/tile-border-horizontal.asset
  artifactKey: Guid(5728af52a853d4e7c99b4cd9b35a24c4) Importer(815301076,1909f56bfc062723c751e8b465ee728b)
Start importing Assets/Tilemaps/Isometric/Colliders/ColliderTiles/tile-border-horizontal.asset using Guid(5728af52a853d4e7c99b4cd9b35a24c4) Importer(815301076,1909f56bfc062723c751e8b465ee728b) (PreviewImporter) -> (artifact id: '5eb2ce8f8031467b6558f1c12badf7f0') in 0.0056071 seconds
Number of updated asset objects reloaded before import = 0Number of asset objects unloaded after import = 3

========================================================================
Received Import Request.
  Time since last request: 0.000019 seconds.
  path: Assets/Tilemaps/Isometric/Colliders/ColliderTiles/tile-half-3.asset
  artifactKey: Guid(f0c9dbc04658b4c2db958ab415fdca2e) Importer(815301076,1909f56bfc062723c751e8b465ee728b)
Start importing Assets/Tilemaps/Isometric/Colliders/ColliderTiles/tile-half-3.asset using Guid(f0c9dbc04658b4c2db958ab415fdca2e) Importer(815301076,1909f56bfc062723c751e8b465ee728b) (PreviewImporter) -> (artifact id: 'e448f2a735e1f2a84ff88b24ac89d087') in 0.0059777 seconds
Number of updated asset objects reloaded before import = 0Number of asset objects unloaded after import = 3

========================================================================
Received Import Request.
  Time since last request: 0.000018 seconds.
  path: Assets/Tilemaps/Isometric/Colliders/ColliderTiles/tile-half-4.asset
  artifactKey: Guid(f2a0799670ff8402b921712e57a8baf3) Importer(815301076,1909f56bfc062723c751e8b465ee728b)
Start importing Assets/Tilemaps/Isometric/Colliders/ColliderTiles/tile-half-4.asset using Guid(f2a0799670ff8402b921712e57a8baf3) Importer(815301076,1909f56bfc062723c751e8b465ee728b) (PreviewImporter) -> (artifact id: '235f1bc64224033eacdf2e3b6262358e') in 0.0061611 seconds
Number of updated asset objects reloaded before import = 0Number of asset objects unloaded after import = 3

========================================================================
Received Import Request.
  Time since last request: 1.310303 seconds.
  path: Assets/Tilemaps/Isometric/Palettes/Palette_Biome_Basic.prefab
  artifactKey: Guid(ee830c1330c07c04bb4fedeb75451692) Importer(815301076,1909f56bfc062723c751e8b465ee728b)
Start importing Assets/Tilemaps/Isometric/Palettes/Palette_Biome_Basic.prefab using Guid(ee830c1330c07c04bb4fedeb75451692) Importer(815301076,1909f56bfc062723c751e8b465ee728b) (PreviewImporter) -> (artifact id: 'd38f85489eaf85f99803bf88fbcc4791') in 0.0424816 seconds
Number of updated asset objects reloaded before import = 0Number of asset objects unloaded after import = 118

========================================================================
Received Import Request.
  Time since last request: 0.000033 seconds.
  path: Assets/Tilemaps/Isometric/Palettes/Palette_Biome_FrozenMountain.prefab
  artifactKey: Guid(eaba60269b5b6904dba70174d1362e6c) Importer(815301076,1909f56bfc062723c751e8b465ee728b)
Start importing Assets/Tilemaps/Isometric/Palettes/Palette_Biome_FrozenMountain.prefab using Guid(eaba60269b5b6904dba70174d1362e6c) Importer(815301076,1909f56bfc062723c751e8b465ee728b) (PreviewImporter) -> (artifact id: '28d12d54faf97b9f573ccfaa95c0f44d') in 0.0711803 seconds
Number of updated asset objects reloaded before import = 0Number of asset objects unloaded after import = 151

========================================================================
Received Import Request.
  Time since last request: 0.000020 seconds.
  path: Assets/Tilemaps/Isometric/Palettes/Palette_Colliders.prefab
  artifactKey: Guid(39384ca04f7139244b533d396205d12d) Importer(815301076,1909f56bfc062723c751e8b465ee728b)
Start importing Assets/Tilemaps/Isometric/Palettes/Palette_Colliders.prefab using Guid(39384ca04f7139244b533d396205d12d) Importer(815301076,1909f56bfc062723c751e8b465ee728b) (PreviewImporter) -> (artifact id: 'fdb952536bda76b525538302b0333030') in 0.0228236 seconds
Number of updated asset objects reloaded before import = 0Number of asset objects unloaded after import = 55

========================================================================
Received Import Request.
  Time since last request: 0.000022 seconds.
  path: Assets/Tilemaps/Isometric/Palettes/Palette_RuleTiles_Random.prefab
  artifactKey: Guid(39c984edee91202458eafa25ee548ee7) Importer(815301076,1909f56bfc062723c751e8b465ee728b)
Start importing Assets/Tilemaps/Isometric/Palettes/Palette_RuleTiles_Random.prefab using Guid(39c984edee91202458eafa25ee548ee7) Importer(815301076,1909f56bfc062723c751e8b465ee728b) (PreviewImporter) -> (artifact id: 'e95267c8acdee7b894d02a86e3238095') in 0.0565236 seconds
Number of updated asset objects reloaded before import = 0Number of asset objects unloaded after import = 135

========================================================================
Received Import Request.
  Time since last request: 3.066502 seconds.
  path: Assets/Tilemaps/Isometric/RuleTiles/NeighbourTiles/NeighbourTile_Basic_FlatFloor.asset
  artifactKey: Guid(a075f375c3e41b14e95a9e3ddb0795b0) Importer(815301076,1909f56bfc062723c751e8b465ee728b)
Start importing Assets/Tilemaps/Isometric/RuleTiles/NeighbourTiles/NeighbourTile_Basic_FlatFloor.asset using Guid(a075f375c3e41b14e95a9e3ddb0795b0) Importer(815301076,1909f56bfc062723c751e8b465ee728b) (PreviewImporter) -> (artifact id: 'e113f13c6f9d7d3c486e1684595d2713') in 0.0159069 seconds
Number of updated asset objects reloaded before import = 0Number of asset objects unloaded after import = 27

========================================================================
Received Import Request.
  Time since last request: 0.000021 seconds.
  path: Assets/Tilemaps/Isometric/RuleTiles/NeighbourTiles/NeighbourTile_Desert_RaisedSand.asset
  artifactKey: Guid(cdb7575da9d10f346ad8b0a600400c28) Importer(815301076,1909f56bfc062723c751e8b465ee728b)
Start importing Assets/Tilemaps/Isometric/RuleTiles/NeighbourTiles/NeighbourTile_Desert_RaisedSand.asset using Guid(cdb7575da9d10f346ad8b0a600400c28) Importer(815301076,1909f56bfc062723c751e8b465ee728b) (PreviewImporter) -> (artifact id: '099f88f77af116599a6cf8e27acf9170') in 0.0094477 seconds
Number of updated asset objects reloaded before import = 0Number of asset objects unloaded after import = 27

========================================================================
Received Import Request.
  Time since last request: 0.000026 seconds.
  path: Assets/Tilemaps/Isometric/RuleTiles/NeighbourTiles/NeighbourTile_Desert_RaisedSandWave.asset
  artifactKey: Guid(47465ad4810369b4d813f096f784ce64) Importer(815301076,1909f56bfc062723c751e8b465ee728b)
Start importing Assets/Tilemaps/Isometric/RuleTiles/NeighbourTiles/NeighbourTile_Desert_RaisedSandWave.asset using Guid(47465ad4810369b4d813f096f784ce64) Importer(815301076,1909f56bfc062723c751e8b465ee728b) (PreviewImporter) -> (artifact id: '31ceff39d251fb6f9370bc04df0b379e') in 0.0053425 seconds
Number of updated asset objects reloaded before import = 0Number of asset objects unloaded after import = 7

========================================================================
Received Import Request.
  Time since last request: 0.002299 seconds.
  path: Assets/Tilemaps/Isometric/RuleTiles/NeighbourTiles/NeighbourTile_FrozenMountain_RaisedSnow.asset
  artifactKey: Guid(379fd0665a30c3742b8f7147acb88d9c) Importer(815301076,1909f56bfc062723c751e8b465ee728b)
Start importing Assets/Tilemaps/Isometric/RuleTiles/NeighbourTiles/NeighbourTile_FrozenMountain_RaisedSnow.asset using Guid(379fd0665a30c3742b8f7147acb88d9c) Importer(815301076,1909f56bfc062723c751e8b465ee728b) (PreviewImporter) -> (artifact id: '7b19fd6ae9348794b96d78621c24b1d7') in 0.0089444 seconds
Number of updated asset objects reloaded before import = 0Number of asset objects unloaded after import = 27

========================================================================
Received Import Request.
  Time since last request: 0.000016 seconds.
  path: Assets/Tilemaps/Isometric/RuleTiles/NeighbourTiles/NeighbourTile_Temple_AnimatedLava.asset
  artifactKey: Guid(40055ab7969d1da469697bd8cbc74670) Importer(815301076,1909f56bfc062723c751e8b465ee728b)
Start importing Assets/Tilemaps/Isometric/RuleTiles/NeighbourTiles/NeighbourTile_Temple_AnimatedLava.asset using Guid(40055ab7969d1da469697bd8cbc74670) Importer(815301076,1909f56bfc062723c751e8b465ee728b) (PreviewImporter) -> (artifact id: '5a77baf88b9a341542ce33e665aece4c') in 0.0120694 seconds
Number of updated asset objects reloaded before import = 0Number of asset objects unloaded after import = 41

========================================================================
Received Import Request.
  Time since last request: 0.837043 seconds.
  path: Assets/Tilemaps/Isometric/RuleTiles/RandomTiles/RandomTile_Desert_Coral.asset
  artifactKey: Guid(70bb23fb2f08cd8408147b35eb9793bb) Importer(815301076,1909f56bfc062723c751e8b465ee728b)
Start importing Assets/Tilemaps/Isometric/RuleTiles/RandomTiles/RandomTile_Desert_Coral.asset using Guid(70bb23fb2f08cd8408147b35eb9793bb) Importer(815301076,1909f56bfc062723c751e8b465ee728b) (PreviewImporter) -> (artifact id: 'f9eccc96126174b5d9e9bcc1d401dc1d') in 0.0049519 seconds
Number of updated asset objects reloaded before import = 0Number of asset objects unloaded after import = 5

========================================================================
Received Import Request.
  Time since last request: 0.000015 seconds.
  path: Assets/Tilemaps/Isometric/RuleTiles/RandomTiles/RandomTile_Desert_RaisedSand.asset
  artifactKey: Guid(6be7c6c7786fa7a45afae2d6002cbcc6) Importer(815301076,1909f56bfc062723c751e8b465ee728b)
Start importing Assets/Tilemaps/Isometric/RuleTiles/RandomTiles/RandomTile_Desert_RaisedSand.asset using Guid(6be7c6c7786fa7a45afae2d6002cbcc6) Importer(815301076,1909f56bfc062723c751e8b465ee728b) (PreviewImporter) -> (artifact id: '508cc9216e8d628843ab277a2b613518') in 0.0046817 seconds
Number of updated asset objects reloaded before import = 0Number of asset objects unloaded after import = 5

========================================================================
Received Import Request.
  Time since last request: 0.000015 seconds.
  path: Assets/Tilemaps/Isometric/RuleTiles/RandomTiles/RandomTile_FrozenMountain_FlatGround.asset
  artifactKey: Guid(45008f92726043a4abadf03a81430678) Importer(815301076,1909f56bfc062723c751e8b465ee728b)
Start importing Assets/Tilemaps/Isometric/RuleTiles/RandomTiles/RandomTile_FrozenMountain_FlatGround.asset using Guid(45008f92726043a4abadf03a81430678) Importer(815301076,1909f56bfc062723c751e8b465ee728b) (PreviewImporter) -> (artifact id: '5b74c4b8aef933a69c417f86fa001822') in 0.0063456 seconds
Number of updated asset objects reloaded before import = 0Number of asset objects unloaded after import = 9

========================================================================
Received Import Request.
  Time since last request: 0.000014 seconds.
  path: Assets/Tilemaps/Isometric/RuleTiles/RandomTiles/RandomTile_Plains_RaisedGrass.asset
  artifactKey: Guid(1e3819d62e6f6b74eb55efd9b7862080) Importer(815301076,1909f56bfc062723c751e8b465ee728b)
Start importing Assets/Tilemaps/Isometric/RuleTiles/RandomTiles/RandomTile_Plains_RaisedGrass.asset using Guid(1e3819d62e6f6b74eb55efd9b7862080) Importer(815301076,1909f56bfc062723c751e8b465ee728b) (PreviewImporter) -> (artifact id: '6f687eaa5c5182daa907a93a571cd0d3') in 0.0070721 seconds
Number of updated asset objects reloaded before import = 0Number of asset objects unloaded after import = 13

========================================================================
Received Import Request.
  Time since last request: 0.000017 seconds.
  path: Assets/Tilemaps/Isometric/RuleTiles/RandomTiles/RandomTile_Temple_RaisedBlueStone.asset
  artifactKey: Guid(7bf281396c092e441a872b432e8b73c1) Importer(815301076,1909f56bfc062723c751e8b465ee728b)
Start importing Assets/Tilemaps/Isometric/RuleTiles/RandomTiles/RandomTile_Temple_RaisedBlueStone.asset using Guid(7bf281396c092e441a872b432e8b73c1) Importer(815301076,1909f56bfc062723c751e8b465ee728b) (PreviewImporter) -> (artifact id: 'a87548d10d4f96ba1d053442fa0c1e6a') in 0.0065487 seconds
Number of updated asset objects reloaded before import = 0Number of asset objects unloaded after import = 9

Editor requested this worker to shutdown with reason: Scaling down because of idle timeout
AssetImportWorker is now disconnected from the server
Process exiting
Exiting without the bug reporter. Application will terminate with return code 0